<?xml version="1.0" encoding="UTF-8"?>
<!-- Generated by org.testng.reporters.JUnitXMLReporter -->
<testsuite hostname="LAPTOP-L775H7G4" ignored="0" name="Default test" tests="17" failures="0" timestamp="19 Oct 2020 02:49:28 GMT" time="27.077" errors="0">
  <testcase name="Intiallizaion" time="0.158" classname="com.jbk.RegPage"/>
  <testcase name="regnewdurl" time="0.546" classname="com.jbk.RegPage"/>
  <testcase name="Regnewdata" time="2.029" classname="com.jbk.RegPage"/>
  <testcase name="Regnewdatamobile" time="1.485" classname="com.jbk.RegPage"/>
  <testcase name="Regnewemail" time="1.388" classname="com.jbk.RegPage"/>
  <testcase name="RegnewPass" time="1.986" classname="com.jbk.RegPage"/>
  <testcase name="alldata" time="2.439" classname="com.jbk.RegPage"/>
  <testcase name="buttonTxt" time="0.142" classname="com.jbk.RegPage"/>
  <testcase name="Txtcheck1" time="0.111" classname="com.jbk.RegPage"/>
  <testcase name="Txtcheck2" time="0.095" classname="com.jbk.RegPage"/>
  <testcase name="Txtcheck3" time="0.078" classname="com.jbk.RegPage"/>
  <testcase name="verifyPlaceHoldersmob" time="0.179" classname="com.jbk.RegPage"/>
  <testcase name="verifyPlaceHoldersName" time="0.066" classname="com.jbk.RegPage"/>
  <testcase name="verifyPlaceHoldersemail" time="0.107" classname="com.jbk.RegPage"/>
  <testcase name="verifyPlaceHolderspass" time="0.085" classname="com.jbk.RegPage"/>
  <testcase name="verifyGoLinksWithWindowsHandles" time="3.482" classname="com.jbk.RegPage"/>
  <testcase name="mainpgeurl" time="0.728" classname="com.jbk.RegPage"/>
</testsuite> <!-- Default test -->
